mode: set
github.com/sadovnikoff/GoConcurrencyCourse/homework_3/cmd/client/main.go:16.13,23.16 6 0
github.com/sadovnikoff/GoConcurrencyCourse/homework_3/cmd/client/main.go:23.16,25.3 1 0
github.com/sadovnikoff/GoConcurrencyCourse/homework_3/cmd/client/main.go:26.2,30.6 4 0
github.com/sadovnikoff/GoConcurrencyCourse/homework_3/cmd/client/main.go:30.6,33.17 3 0
github.com/sadovnikoff/GoConcurrencyCourse/homework_3/cmd/client/main.go:33.17,35.4 1 0
github.com/sadovnikoff/GoConcurrencyCourse/homework_3/cmd/client/main.go:37.3,38.36 2 0
github.com/sadovnikoff/GoConcurrencyCourse/homework_3/cmd/client/main.go:38.36,40.4 1 0
github.com/sadovnikoff/GoConcurrencyCourse/homework_3/cmd/client/main.go:40.9,40.24 1 0
github.com/sadovnikoff/GoConcurrencyCourse/homework_3/cmd/client/main.go:40.24,42.4 1 0
github.com/sadovnikoff/GoConcurrencyCourse/homework_3/cmd/client/main.go:44.3,44.32 1 0
github.com/sadovnikoff/GoConcurrencyCourse/homework_3/internal/setup.go:20.77,21.16 1 0
github.com/sadovnikoff/GoConcurrencyCourse/homework_3/internal/setup.go:21.16,23.3 1 0
github.com/sadovnikoff/GoConcurrencyCourse/homework_3/internal/setup.go:25.2,26.16 2 0
github.com/sadovnikoff/GoConcurrencyCourse/homework_3/internal/setup.go:26.16,28.3 1 0
github.com/sadovnikoff/GoConcurrencyCourse/homework_3/internal/setup.go:30.2,31.46 2 0
github.com/sadovnikoff/GoConcurrencyCourse/homework_3/internal/setup.go:31.46,34.17 3 0
github.com/sadovnikoff/GoConcurrencyCourse/homework_3/internal/setup.go:34.17,37.4 2 0
github.com/sadovnikoff/GoConcurrencyCourse/homework_3/internal/setup.go:38.8,41.3 2 0
github.com/sadovnikoff/GoConcurrencyCourse/homework_3/internal/setup.go:43.2,44.16 2 0
github.com/sadovnikoff/GoConcurrencyCourse/homework_3/internal/setup.go:44.16,47.3 2 0
github.com/sadovnikoff/GoConcurrencyCourse/homework_3/internal/setup.go:49.2,50.16 2 0
github.com/sadovnikoff/GoConcurrencyCourse/homework_3/internal/setup.go:50.16,53.3 2 0
github.com/sadovnikoff/GoConcurrencyCourse/homework_3/internal/setup.go:55.2,56.16 2 0
github.com/sadovnikoff/GoConcurrencyCourse/homework_3/internal/setup.go:56.16,59.3 2 0
github.com/sadovnikoff/GoConcurrencyCourse/homework_3/internal/setup.go:61.2,62.16 2 0
github.com/sadovnikoff/GoConcurrencyCourse/homework_3/internal/setup.go:62.16,65.3 2 0
github.com/sadovnikoff/GoConcurrencyCourse/homework_3/internal/setup.go:67.2,67.18 1 0
github.com/sadovnikoff/GoConcurrencyCourse/homework_3/internal/setup.go:67.18,69.3 1 0
github.com/sadovnikoff/GoConcurrencyCourse/homework_3/internal/setup.go:71.2,71.20 1 0
github.com/sadovnikoff/GoConcurrencyCourse/homework_3/cmd/server/main.go:13.13,18.20 4 0
github.com/sadovnikoff/GoConcurrencyCourse/homework_3/cmd/server/main.go:18.20,20.17 2 0
github.com/sadovnikoff/GoConcurrencyCourse/homework_3/cmd/server/main.go:20.17,22.4 1 0
github.com/sadovnikoff/GoConcurrencyCourse/homework_3/cmd/server/main.go:24.3,26.17 3 0
github.com/sadovnikoff/GoConcurrencyCourse/homework_3/cmd/server/main.go:26.17,28.4 1 0
github.com/sadovnikoff/GoConcurrencyCourse/homework_3/cmd/server/main.go:31.2,32.16 2 0
github.com/sadovnikoff/GoConcurrencyCourse/homework_3/cmd/server/main.go:32.16,34.3 1 0
github.com/sadovnikoff/GoConcurrencyCourse/homework_3/cmd/server/main.go:35.2,35.15 1 0
github.com/sadovnikoff/GoConcurrencyCourse/homework_3/cmd/server/main.go:35.15,35.37 1 0
github.com/sadovnikoff/GoConcurrencyCourse/homework_3/cmd/server/main.go:37.2,38.16 2 0
github.com/sadovnikoff/GoConcurrencyCourse/homework_3/cmd/server/main.go:38.16,40.3 1 0
github.com/sadovnikoff/GoConcurrencyCourse/homework_3/cmd/server/main.go:42.2,42.14 1 0
github.com/sadovnikoff/GoConcurrencyCourse/homework_3/internal/concurrency/semaphore.go:7.41,11.2 1 0
github.com/sadovnikoff/GoConcurrencyCourse/homework_3/internal/concurrency/semaphore.go:13.31,14.34 1 0
github.com/sadovnikoff/GoConcurrencyCourse/homework_3/internal/concurrency/semaphore.go:14.34,16.3 1 0
github.com/sadovnikoff/GoConcurrencyCourse/homework_3/internal/concurrency/semaphore.go:18.2,18.25 1 0
github.com/sadovnikoff/GoConcurrencyCourse/homework_3/internal/concurrency/semaphore.go:21.31,22.34 1 0
github.com/sadovnikoff/GoConcurrencyCourse/homework_3/internal/concurrency/semaphore.go:22.34,24.3 1 0
github.com/sadovnikoff/GoConcurrencyCourse/homework_3/internal/concurrency/semaphore.go:26.2,26.13 1 0
github.com/sadovnikoff/GoConcurrencyCourse/homework_3/internal/database/filesystem/segment.go:22.64,27.2 1 1
github.com/sadovnikoff/GoConcurrencyCourse/homework_3/internal/database/filesystem/segment.go:29.44,30.56 1 1
github.com/sadovnikoff/GoConcurrencyCourse/homework_3/internal/database/filesystem/segment.go:30.56,31.43 1 1
github.com/sadovnikoff/GoConcurrencyCourse/homework_3/internal/database/filesystem/segment.go:31.43,33.4 1 0
github.com/sadovnikoff/GoConcurrencyCourse/homework_3/internal/database/filesystem/segment.go:36.2,37.16 2 1
github.com/sadovnikoff/GoConcurrencyCourse/homework_3/internal/database/filesystem/segment.go:37.16,39.3 1 0
github.com/sadovnikoff/GoConcurrencyCourse/homework_3/internal/database/filesystem/segment.go:41.2,42.12 2 1
github.com/sadovnikoff/GoConcurrencyCourse/homework_3/internal/database/filesystem/segment.go:45.47,47.16 2 1
github.com/sadovnikoff/GoConcurrencyCourse/homework_3/internal/database/filesystem/segment.go:47.16,49.3 1 0
github.com/sadovnikoff/GoConcurrencyCourse/homework_3/internal/database/filesystem/segment.go:51.2,54.29 4 1
github.com/sadovnikoff/GoConcurrencyCourse/homework_3/internal/database/filesystem/segment.go:54.29,55.20 1 1
github.com/sadovnikoff/GoConcurrencyCourse/homework_3/internal/database/filesystem/segment.go:55.20,58.18 3 1
github.com/sadovnikoff/GoConcurrencyCourse/homework_3/internal/database/filesystem/segment.go:58.18,60.5 1 0
github.com/sadovnikoff/GoConcurrencyCourse/homework_3/internal/database/filesystem/segment.go:62.4,63.22 2 1
github.com/sadovnikoff/GoConcurrencyCourse/homework_3/internal/database/filesystem/segment.go:67.2,67.52 1 1
github.com/sadovnikoff/GoConcurrencyCourse/homework_3/internal/database/filesystem/segment.go:67.52,69.3 1 1
github.com/sadovnikoff/GoConcurrencyCourse/homework_3/internal/database/filesystem/segment.go:71.2,72.39 2 1
github.com/sadovnikoff/GoConcurrencyCourse/homework_3/internal/database/filesystem/segment.go:72.39,75.17 3 1
github.com/sadovnikoff/GoConcurrencyCourse/homework_3/internal/database/filesystem/segment.go:75.17,77.4 1 0
github.com/sadovnikoff/GoConcurrencyCourse/homework_3/internal/database/filesystem/segment.go:79.3,79.34 1 1
github.com/sadovnikoff/GoConcurrencyCourse/homework_3/internal/database/filesystem/segment.go:82.2,82.21 1 1
github.com/sadovnikoff/GoConcurrencyCourse/homework_3/internal/database/filesystem/segment.go:85.41,87.19 2 1
github.com/sadovnikoff/GoConcurrencyCourse/homework_3/internal/database/filesystem/segment.go:87.19,89.17 2 1
github.com/sadovnikoff/GoConcurrencyCourse/homework_3/internal/database/filesystem/segment.go:89.17,91.4 1 0
github.com/sadovnikoff/GoConcurrencyCourse/homework_3/internal/database/filesystem/segment.go:94.2,95.16 2 1
github.com/sadovnikoff/GoConcurrencyCourse/homework_3/internal/database/filesystem/segment.go:95.16,97.3 1 0
github.com/sadovnikoff/GoConcurrencyCourse/homework_3/internal/database/filesystem/segment.go:99.2,101.12 3 1
github.com/sadovnikoff/GoConcurrencyCourse/homework_3/internal/database/filesystem/segment.go:104.87,106.21 2 1
github.com/sadovnikoff/GoConcurrencyCourse/homework_3/internal/database/filesystem/segment.go:106.21,108.3 1 0
github.com/sadovnikoff/GoConcurrencyCourse/homework_3/internal/database/filesystem/segment.go:110.2,111.16 2 1
github.com/sadovnikoff/GoConcurrencyCourse/homework_3/internal/database/filesystem/segment.go:111.16,113.3 1 0
github.com/sadovnikoff/GoConcurrencyCourse/homework_3/internal/database/filesystem/segment.go:115.2,115.23 1 1
github.com/sadovnikoff/GoConcurrencyCourse/homework_3/internal/database/filesystem/utils.go:5.52,8.16 3 1
github.com/sadovnikoff/GoConcurrencyCourse/homework_3/internal/database/filesystem/utils.go:8.16,10.3 1 0
github.com/sadovnikoff/GoConcurrencyCourse/homework_3/internal/database/filesystem/utils.go:12.2,12.18 1 1
github.com/sadovnikoff/GoConcurrencyCourse/homework_3/internal/database/filesystem/utils.go:15.57,17.16 2 1
github.com/sadovnikoff/GoConcurrencyCourse/homework_3/internal/database/filesystem/utils.go:17.16,19.3 1 0
github.com/sadovnikoff/GoConcurrencyCourse/homework_3/internal/database/filesystem/utils.go:21.2,21.35 1 1
github.com/sadovnikoff/GoConcurrencyCourse/homework_3/internal/database/filesystem/utils.go:21.35,23.3 1 0
github.com/sadovnikoff/GoConcurrencyCourse/homework_3/internal/database/filesystem/utils.go:25.2,25.26 1 1
github.com/sadovnikoff/GoConcurrencyCourse/homework_3/internal/common/config.go:61.53,62.19 1 1
github.com/sadovnikoff/GoConcurrencyCourse/homework_3/internal/common/config.go:62.19,64.3 1 1
github.com/sadovnikoff/GoConcurrencyCourse/homework_3/internal/common/config.go:66.2,67.16 2 1
github.com/sadovnikoff/GoConcurrencyCourse/homework_3/internal/common/config.go:67.16,69.3 1 0
github.com/sadovnikoff/GoConcurrencyCourse/homework_3/internal/common/config.go:71.2,73.16 3 1
github.com/sadovnikoff/GoConcurrencyCourse/homework_3/internal/common/config.go:73.16,75.3 1 0
github.com/sadovnikoff/GoConcurrencyCourse/homework_3/internal/common/config.go:77.2,77.26 1 1
github.com/sadovnikoff/GoConcurrencyCourse/homework_3/internal/common/config.go:77.26,79.3 1 1
github.com/sadovnikoff/GoConcurrencyCourse/homework_3/internal/common/config.go:81.2,81.27 1 1
github.com/sadovnikoff/GoConcurrencyCourse/homework_3/internal/common/config.go:81.27,83.3 1 1
github.com/sadovnikoff/GoConcurrencyCourse/homework_3/internal/common/config.go:85.2,85.27 1 1
github.com/sadovnikoff/GoConcurrencyCourse/homework_3/internal/common/config.go:85.27,87.3 1 1
github.com/sadovnikoff/GoConcurrencyCourse/homework_3/internal/common/config.go:89.2,89.34 1 1
github.com/sadovnikoff/GoConcurrencyCourse/homework_3/internal/common/config.go:89.34,91.3 1 1
github.com/sadovnikoff/GoConcurrencyCourse/homework_3/internal/common/config.go:93.2,93.40 1 1
github.com/sadovnikoff/GoConcurrencyCourse/homework_3/internal/common/config.go:93.40,95.3 1 1
github.com/sadovnikoff/GoConcurrencyCourse/homework_3/internal/common/config.go:97.2,97.37 1 1
github.com/sadovnikoff/GoConcurrencyCourse/homework_3/internal/common/config.go:97.37,99.3 1 1
github.com/sadovnikoff/GoConcurrencyCourse/homework_3/internal/common/config.go:101.2,101.38 1 1
github.com/sadovnikoff/GoConcurrencyCourse/homework_3/internal/common/config.go:101.38,103.3 1 1
github.com/sadovnikoff/GoConcurrencyCourse/homework_3/internal/common/config.go:105.2,105.30 1 1
github.com/sadovnikoff/GoConcurrencyCourse/homework_3/internal/common/config.go:105.30,107.3 1 1
github.com/sadovnikoff/GoConcurrencyCourse/homework_3/internal/common/config.go:109.2,109.23 1 1
github.com/sadovnikoff/GoConcurrencyCourse/homework_3/internal/common/config.go:109.23,110.39 1 0
github.com/sadovnikoff/GoConcurrencyCourse/homework_3/internal/common/config.go:110.39,112.4 1 0
github.com/sadovnikoff/GoConcurrencyCourse/homework_3/internal/common/config.go:114.3,114.35 1 0
github.com/sadovnikoff/GoConcurrencyCourse/homework_3/internal/common/config.go:114.35,116.4 1 0
github.com/sadovnikoff/GoConcurrencyCourse/homework_3/internal/common/config.go:118.3,118.32 1 0
github.com/sadovnikoff/GoConcurrencyCourse/homework_3/internal/common/config.go:118.32,120.4 1 0
github.com/sadovnikoff/GoConcurrencyCourse/homework_3/internal/common/config.go:122.3,122.31 1 0
github.com/sadovnikoff/GoConcurrencyCourse/homework_3/internal/common/config.go:122.31,124.4 1 0
github.com/sadovnikoff/GoConcurrencyCourse/homework_3/internal/common/config.go:127.2,127.32 1 1
github.com/sadovnikoff/GoConcurrencyCourse/homework_3/internal/common/config.go:127.32,129.3 1 1
github.com/sadovnikoff/GoConcurrencyCourse/homework_3/internal/common/config.go:131.2,131.21 1 1
github.com/sadovnikoff/GoConcurrencyCourse/homework_3/internal/common/config.go:134.45,144.67 4 1
github.com/sadovnikoff/GoConcurrencyCourse/homework_3/internal/common/config.go:144.67,146.3 1 1
github.com/sadovnikoff/GoConcurrencyCourse/homework_3/internal/common/config.go:148.2,151.16 4 1
github.com/sadovnikoff/GoConcurrencyCourse/homework_3/internal/common/config.go:151.16,153.3 1 1
github.com/sadovnikoff/GoConcurrencyCourse/homework_3/internal/common/config.go:155.2,156.12 2 1
github.com/sadovnikoff/GoConcurrencyCourse/homework_3/internal/common/config.go:156.12,158.3 1 1
github.com/sadovnikoff/GoConcurrencyCourse/homework_3/internal/common/config.go:160.2,160.30 1 1
github.com/sadovnikoff/GoConcurrencyCourse/homework_3/internal/common/logging.go:23.55,31.18 6 0
github.com/sadovnikoff/GoConcurrencyCourse/homework_3/internal/common/logging.go:31.18,33.17 2 0
github.com/sadovnikoff/GoConcurrencyCourse/homework_3/internal/common/logging.go:33.17,35.4 1 0
github.com/sadovnikoff/GoConcurrencyCourse/homework_3/internal/common/logging.go:37.3,38.16 2 0
github.com/sadovnikoff/GoConcurrencyCourse/homework_3/internal/common/logging.go:41.2,41.15 1 0
github.com/sadovnikoff/GoConcurrencyCourse/homework_3/internal/common/logging.go:42.10,42.10 0 0
github.com/sadovnikoff/GoConcurrencyCourse/homework_3/internal/common/logging.go:44.17,45.53 1 0
github.com/sadovnikoff/GoConcurrencyCourse/homework_3/internal/common/logging.go:46.18,47.69 1 0
github.com/sadovnikoff/GoConcurrencyCourse/homework_3/internal/common/logging.go:48.18,49.69 1 0
github.com/sadovnikoff/GoConcurrencyCourse/homework_3/internal/common/logging.go:50.10,51.50 1 0
github.com/sadovnikoff/GoConcurrencyCourse/homework_3/internal/common/logging.go:54.2,58.20 4 0
github.com/sadovnikoff/GoConcurrencyCourse/homework_3/internal/common/logging.go:61.57,63.17 2 0
github.com/sadovnikoff/GoConcurrencyCourse/homework_3/internal/common/logging.go:63.17,64.37 1 0
github.com/sadovnikoff/GoConcurrencyCourse/homework_3/internal/common/logging.go:64.37,69.4 4 0
github.com/sadovnikoff/GoConcurrencyCourse/homework_3/internal/common/logging.go:73.56,75.17 2 0
github.com/sadovnikoff/GoConcurrencyCourse/homework_3/internal/common/logging.go:75.17,76.37 1 0
github.com/sadovnikoff/GoConcurrencyCourse/homework_3/internal/common/logging.go:76.37,81.4 4 0
github.com/sadovnikoff/GoConcurrencyCourse/homework_3/internal/common/logging.go:85.57,87.17 2 0
github.com/sadovnikoff/GoConcurrencyCourse/homework_3/internal/common/logging.go:87.17,88.37 1 0
github.com/sadovnikoff/GoConcurrencyCourse/homework_3/internal/common/logging.go:88.37,93.4 4 0
github.com/sadovnikoff/GoConcurrencyCourse/homework_3/internal/common/logging.go:97.32,98.17 1 0
github.com/sadovnikoff/GoConcurrencyCourse/homework_3/internal/common/logging.go:98.17,99.38 1 0
github.com/sadovnikoff/GoConcurrencyCourse/homework_3/internal/common/logging.go:99.38,101.4 1 0
github.com/sadovnikoff/GoConcurrencyCourse/homework_3/internal/common/logging.go:103.2,103.12 1 0
github.com/sadovnikoff/GoConcurrencyCourse/homework_3/internal/database/compute/parser.go:26.56,27.19 1 1
github.com/sadovnikoff/GoConcurrencyCourse/homework_3/internal/database/compute/parser.go:27.19,29.3 1 1
github.com/sadovnikoff/GoConcurrencyCourse/homework_3/internal/database/compute/parser.go:31.2,31.37 1 1
github.com/sadovnikoff/GoConcurrencyCourse/homework_3/internal/database/compute/parser.go:34.55,37.21 2 1
github.com/sadovnikoff/GoConcurrencyCourse/homework_3/internal/database/compute/parser.go:37.21,40.3 2 1
github.com/sadovnikoff/GoConcurrencyCourse/homework_3/internal/database/compute/parser.go:42.2,43.19 2 1
github.com/sadovnikoff/GoConcurrencyCourse/homework_3/internal/database/compute/parser.go:44.30,45.23 1 1
github.com/sadovnikoff/GoConcurrencyCourse/homework_3/internal/database/compute/parser.go:45.23,48.4 2 1
github.com/sadovnikoff/GoConcurrencyCourse/homework_3/internal/database/compute/parser.go:49.3,49.45 1 1
github.com/sadovnikoff/GoConcurrencyCourse/homework_3/internal/database/compute/parser.go:50.18,51.23 1 1
github.com/sadovnikoff/GoConcurrencyCourse/homework_3/internal/database/compute/parser.go:51.23,54.4 2 1
github.com/sadovnikoff/GoConcurrencyCourse/homework_3/internal/database/compute/parser.go:55.3,55.52 1 1
github.com/sadovnikoff/GoConcurrencyCourse/homework_3/internal/database/compute/parser.go:56.10,58.36 2 1
github.com/sadovnikoff/GoConcurrencyCourse/homework_3/internal/database/compute/parser.go:61.2,61.19 1 1
github.com/sadovnikoff/GoConcurrencyCourse/homework_3/internal/database/compute/query.go:9.45,11.2 1 1
github.com/sadovnikoff/GoConcurrencyCourse/homework_3/internal/database/compute/query.go:13.34,15.2 1 1
github.com/sadovnikoff/GoConcurrencyCourse/homework_3/internal/database/compute/query.go:17.38,19.2 1 1
github.com/sadovnikoff/GoConcurrencyCourse/homework_3/internal/database/compute/query.go:21.40,23.2 1 1
github.com/sadovnikoff/GoConcurrencyCourse/homework_3/internal/database/database.go:27.114,28.25 1 1
github.com/sadovnikoff/GoConcurrencyCourse/homework_3/internal/database/database.go:28.25,30.3 1 1
github.com/sadovnikoff/GoConcurrencyCourse/homework_3/internal/database/database.go:32.2,32.25 1 1
github.com/sadovnikoff/GoConcurrencyCourse/homework_3/internal/database/database.go:32.25,34.3 1 1
github.com/sadovnikoff/GoConcurrencyCourse/homework_3/internal/database/database.go:36.2,36.19 1 1
github.com/sadovnikoff/GoConcurrencyCourse/homework_3/internal/database/database.go:36.19,38.3 1 1
github.com/sadovnikoff/GoConcurrencyCourse/homework_3/internal/database/database.go:40.2,44.8 1 1
github.com/sadovnikoff/GoConcurrencyCourse/homework_3/internal/database/database.go:47.64,51.16 3 1
github.com/sadovnikoff/GoConcurrencyCourse/homework_3/internal/database/database.go:51.16,54.3 2 1
github.com/sadovnikoff/GoConcurrencyCourse/homework_3/internal/database/database.go:56.2,57.25 2 1
github.com/sadovnikoff/GoConcurrencyCourse/homework_3/internal/database/database.go:58.26,60.17 2 1
github.com/sadovnikoff/GoConcurrencyCourse/homework_3/internal/database/database.go:60.17,62.4 1 0
github.com/sadovnikoff/GoConcurrencyCourse/homework_3/internal/database/database.go:63.3,63.20 1 1
github.com/sadovnikoff/GoConcurrencyCourse/homework_3/internal/database/database.go:64.26,66.17 2 1
github.com/sadovnikoff/GoConcurrencyCourse/homework_3/internal/database/database.go:66.17,68.4 1 0
github.com/sadovnikoff/GoConcurrencyCourse/homework_3/internal/database/database.go:69.3,69.41 1 1
github.com/sadovnikoff/GoConcurrencyCourse/homework_3/internal/database/database.go:70.26,72.17 2 1
github.com/sadovnikoff/GoConcurrencyCourse/homework_3/internal/database/database.go:72.17,74.4 1 0
github.com/sadovnikoff/GoConcurrencyCourse/homework_3/internal/database/database.go:75.3,75.33 1 1
github.com/sadovnikoff/GoConcurrencyCourse/homework_3/internal/database/database.go:76.10,77.43 1 0
github.com/sadovnikoff/GoConcurrencyCourse/homework_3/internal/database/database.go:80.2,80.22 1 1
github.com/sadovnikoff/GoConcurrencyCourse/homework_3/internal/database/database_mock.go:14.46,17.2 2 1
github.com/sadovnikoff/GoConcurrencyCourse/homework_3/internal/database/database_mock.go:26.46,29.2 2 1
github.com/sadovnikoff/GoConcurrencyCourse/homework_3/internal/database/database_mock.go:32.69,34.13 1 1
github.com/sadovnikoff/GoConcurrencyCourse/homework_3/internal/database/database_mock.go:35.26,36.52 1 1
github.com/sadovnikoff/GoConcurrencyCourse/homework_3/internal/database/database_mock.go:37.26,38.47 1 1
github.com/sadovnikoff/GoConcurrencyCourse/homework_3/internal/database/database_mock.go:39.26,40.47 1 1
github.com/sadovnikoff/GoConcurrencyCourse/homework_3/internal/database/database_mock.go:43.2,43.50 1 1
github.com/sadovnikoff/GoConcurrencyCourse/homework_3/internal/database/database_mock.go:47.50,49.2 1 1
github.com/sadovnikoff/GoConcurrencyCourse/homework_3/internal/database/database_mock.go:52.60,54.2 1 1
github.com/sadovnikoff/GoConcurrencyCourse/homework_3/internal/database/database_mock.go:57.57,59.2 1 1
github.com/sadovnikoff/GoConcurrencyCourse/homework_3/internal/database/storage/storage.go:31.82,32.19 1 1
github.com/sadovnikoff/GoConcurrencyCourse/homework_3/internal/database/storage/storage.go:32.19,34.3 1 1
github.com/sadovnikoff/GoConcurrencyCourse/homework_3/internal/database/storage/storage.go:36.2,36.19 1 1
github.com/sadovnikoff/GoConcurrencyCourse/homework_3/internal/database/storage/storage.go:36.19,38.3 1 1
github.com/sadovnikoff/GoConcurrencyCourse/homework_3/internal/database/storage/storage.go:40.2,46.24 2 1
github.com/sadovnikoff/GoConcurrencyCourse/homework_3/internal/database/storage/storage.go:46.24,48.17 2 0
github.com/sadovnikoff/GoConcurrencyCourse/homework_3/internal/database/storage/storage.go:48.17,50.4 1 0
github.com/sadovnikoff/GoConcurrencyCourse/homework_3/internal/database/storage/storage.go:50.9,52.4 1 0
github.com/sadovnikoff/GoConcurrencyCourse/homework_3/internal/database/storage/storage.go:55.2,55.21 1 1
github.com/sadovnikoff/GoConcurrencyCourse/homework_3/internal/database/storage/storage.go:58.48,59.18 1 1
github.com/sadovnikoff/GoConcurrencyCourse/homework_3/internal/database/storage/storage.go:59.18,60.47 1 0
github.com/sadovnikoff/GoConcurrencyCourse/homework_3/internal/database/storage/storage.go:60.47,62.4 1 0
github.com/sadovnikoff/GoConcurrencyCourse/homework_3/internal/database/storage/storage.go:65.2,66.12 2 1
github.com/sadovnikoff/GoConcurrencyCourse/homework_3/internal/database/storage/storage.go:69.51,71.2 1 1
github.com/sadovnikoff/GoConcurrencyCourse/homework_3/internal/database/storage/storage.go:73.41,74.18 1 1
github.com/sadovnikoff/GoConcurrencyCourse/homework_3/internal/database/storage/storage.go:74.18,75.40 1 0
github.com/sadovnikoff/GoConcurrencyCourse/homework_3/internal/database/storage/storage.go:75.40,77.4 1 0
github.com/sadovnikoff/GoConcurrencyCourse/homework_3/internal/database/storage/storage.go:80.2,81.12 2 1
github.com/sadovnikoff/GoConcurrencyCourse/homework_3/internal/database/storage/storage.go:84.51,85.35 1 0
github.com/sadovnikoff/GoConcurrencyCourse/homework_3/internal/database/storage/storage.go:85.35,86.26 1 0
github.com/sadovnikoff/GoConcurrencyCourse/homework_3/internal/database/storage/storage.go:87.27,88.60 1 0
github.com/sadovnikoff/GoConcurrencyCourse/homework_3/internal/database/storage/storage.go:89.27,90.38 1 0
github.com/sadovnikoff/GoConcurrencyCourse/homework_3/internal/database/storage/storage_mock.go:10.34,13.2 2 1
github.com/sadovnikoff/GoConcurrencyCourse/homework_3/internal/database/storage/storage_mock.go:16.38,17.18 1 1
github.com/sadovnikoff/GoConcurrencyCourse/homework_3/internal/database/storage/storage_mock.go:17.18,20.3 2 1
github.com/sadovnikoff/GoConcurrencyCourse/homework_3/internal/database/storage/storage_mock.go:24.54,25.18 1 1
github.com/sadovnikoff/GoConcurrencyCourse/homework_3/internal/database/storage/storage_mock.go:25.18,27.3 1 1
github.com/sadovnikoff/GoConcurrencyCourse/homework_3/internal/database/storage/storage_mock.go:28.2,28.24 1 1
github.com/sadovnikoff/GoConcurrencyCourse/homework_3/internal/database/storage/storage_mock.go:32.45,35.2 2 1
github.com/sadovnikoff/GoConcurrencyCourse/homework_3/internal/database/storage/engine/engine.go:20.56,21.19 1 1
github.com/sadovnikoff/GoConcurrencyCourse/homework_3/internal/database/storage/engine/engine.go:21.19,23.3 1 1
github.com/sadovnikoff/GoConcurrencyCourse/homework_3/internal/database/storage/engine/engine.go:25.2,25.66 1 1
github.com/sadovnikoff/GoConcurrencyCourse/homework_3/internal/database/storage/engine/engine.go:28.41,34.2 4 1
github.com/sadovnikoff/GoConcurrencyCourse/homework_3/internal/database/storage/engine/engine.go:36.50,40.9 4 1
github.com/sadovnikoff/GoConcurrencyCourse/homework_3/internal/database/storage/engine/engine.go:40.9,43.3 2 1
github.com/sadovnikoff/GoConcurrencyCourse/homework_3/internal/database/storage/engine/engine.go:45.2,46.19 2 1
github.com/sadovnikoff/GoConcurrencyCourse/homework_3/internal/database/storage/engine/engine.go:49.34,55.2 4 1
github.com/sadovnikoff/GoConcurrencyCourse/homework_3/internal/concurrency/semaphore.go:7.41,11.2 1 1
github.com/sadovnikoff/GoConcurrencyCourse/homework_3/internal/concurrency/semaphore.go:13.31,14.34 1 1
github.com/sadovnikoff/GoConcurrencyCourse/homework_3/internal/concurrency/semaphore.go:14.34,16.3 1 0
github.com/sadovnikoff/GoConcurrencyCourse/homework_3/internal/concurrency/semaphore.go:18.2,18.25 1 1
github.com/sadovnikoff/GoConcurrencyCourse/homework_3/internal/concurrency/semaphore.go:21.31,22.34 1 1
github.com/sadovnikoff/GoConcurrencyCourse/homework_3/internal/concurrency/semaphore.go:22.34,24.3 1 0
github.com/sadovnikoff/GoConcurrencyCourse/homework_3/internal/concurrency/semaphore.go:26.2,26.13 1 1
github.com/sadovnikoff/GoConcurrencyCourse/homework_3/internal/network/tcp/client.go:20.85,22.22 1 0
github.com/sadovnikoff/GoConcurrencyCourse/homework_3/internal/network/tcp/client.go:22.22,24.3 1 0
github.com/sadovnikoff/GoConcurrencyCourse/homework_3/internal/network/tcp/client.go:26.2,27.16 2 0
github.com/sadovnikoff/GoConcurrencyCourse/homework_3/internal/network/tcp/client.go:27.16,29.3 1 0
github.com/sadovnikoff/GoConcurrencyCourse/homework_3/internal/network/tcp/client.go:31.2,32.16 2 0
github.com/sadovnikoff/GoConcurrencyCourse/homework_3/internal/network/tcp/client.go:32.16,35.3 1 0
github.com/sadovnikoff/GoConcurrencyCourse/homework_3/internal/network/tcp/client.go:37.2,43.20 2 0
github.com/sadovnikoff/GoConcurrencyCourse/homework_3/internal/network/tcp/client.go:46.62,47.24 1 0
github.com/sadovnikoff/GoConcurrencyCourse/homework_3/internal/network/tcp/client.go:47.24,48.75 1 0
github.com/sadovnikoff/GoConcurrencyCourse/homework_3/internal/network/tcp/client.go:48.75,50.4 1 0
github.com/sadovnikoff/GoConcurrencyCourse/homework_3/internal/network/tcp/client.go:53.2,54.16 2 0
github.com/sadovnikoff/GoConcurrencyCourse/homework_3/internal/network/tcp/client.go:54.16,56.3 1 0
github.com/sadovnikoff/GoConcurrencyCourse/homework_3/internal/network/tcp/client.go:58.2,60.16 3 0
github.com/sadovnikoff/GoConcurrencyCourse/homework_3/internal/network/tcp/client.go:60.16,62.3 1 0
github.com/sadovnikoff/GoConcurrencyCourse/homework_3/internal/network/tcp/client.go:64.2,64.27 1 0
github.com/sadovnikoff/GoConcurrencyCourse/homework_3/internal/network/tcp/client.go:64.27,66.3 1 0
github.com/sadovnikoff/GoConcurrencyCourse/homework_3/internal/network/tcp/client.go:68.2,68.30 1 0
github.com/sadovnikoff/GoConcurrencyCourse/homework_3/internal/network/tcp/client.go:71.26,72.19 1 0
github.com/sadovnikoff/GoConcurrencyCourse/homework_3/internal/network/tcp/client.go:72.19,74.3 1 0
github.com/sadovnikoff/GoConcurrencyCourse/homework_3/internal/network/tcp/server.go:37.89,38.16 1 1
github.com/sadovnikoff/GoConcurrencyCourse/homework_3/internal/network/tcp/server.go:38.16,40.3 1 1
github.com/sadovnikoff/GoConcurrencyCourse/homework_3/internal/network/tcp/server.go:42.2,42.15 1 1
github.com/sadovnikoff/GoConcurrencyCourse/homework_3/internal/network/tcp/server.go:42.15,44.3 1 1
github.com/sadovnikoff/GoConcurrencyCourse/homework_3/internal/network/tcp/server.go:46.2,46.19 1 1
github.com/sadovnikoff/GoConcurrencyCourse/homework_3/internal/network/tcp/server.go:46.19,48.3 1 1
github.com/sadovnikoff/GoConcurrencyCourse/homework_3/internal/network/tcp/server.go:50.2,51.16 2 1
github.com/sadovnikoff/GoConcurrencyCourse/homework_3/internal/network/tcp/server.go:51.16,53.3 1 1
github.com/sadovnikoff/GoConcurrencyCourse/homework_3/internal/network/tcp/server.go:55.2,56.16 2 1
github.com/sadovnikoff/GoConcurrencyCourse/homework_3/internal/network/tcp/server.go:56.16,58.3 1 1
github.com/sadovnikoff/GoConcurrencyCourse/homework_3/internal/network/tcp/server.go:60.2,61.16 2 1
github.com/sadovnikoff/GoConcurrencyCourse/homework_3/internal/network/tcp/server.go:61.16,63.3 1 1
github.com/sadovnikoff/GoConcurrencyCourse/homework_3/internal/network/tcp/server.go:65.2,66.25 2 1
github.com/sadovnikoff/GoConcurrencyCourse/homework_3/internal/network/tcp/server.go:66.25,68.3 1 1
github.com/sadovnikoff/GoConcurrencyCourse/homework_3/internal/network/tcp/server.go:70.2,80.17 2 1
github.com/sadovnikoff/GoConcurrencyCourse/homework_3/internal/network/tcp/server.go:84.24,85.15 1 1
github.com/sadovnikoff/GoConcurrencyCourse/homework_3/internal/network/tcp/server.go:85.15,86.39 1 1
github.com/sadovnikoff/GoConcurrencyCourse/homework_3/internal/network/tcp/server.go:86.39,88.4 1 1
github.com/sadovnikoff/GoConcurrencyCourse/homework_3/internal/network/tcp/server.go:89.3,89.75 1 1
github.com/sadovnikoff/GoConcurrencyCourse/homework_3/internal/network/tcp/server.go:92.2,93.6 2 1
github.com/sadovnikoff/GoConcurrencyCourse/homework_3/internal/network/tcp/server.go:93.6,95.17 2 1
github.com/sadovnikoff/GoConcurrencyCourse/homework_3/internal/network/tcp/server.go:95.17,96.37 1 1
github.com/sadovnikoff/GoConcurrencyCourse/homework_3/internal/network/tcp/server.go:96.37,98.5 1 1
github.com/sadovnikoff/GoConcurrencyCourse/homework_3/internal/network/tcp/server.go:100.4,101.12 2 0
github.com/sadovnikoff/GoConcurrencyCourse/homework_3/internal/network/tcp/server.go:104.3,105.26 2 1
github.com/sadovnikoff/GoConcurrencyCourse/homework_3/internal/network/tcp/server.go:105.26,106.17 1 1
github.com/sadovnikoff/GoConcurrencyCourse/homework_3/internal/network/tcp/server.go:106.17,108.5 1 1
github.com/sadovnikoff/GoConcurrencyCourse/homework_3/internal/network/tcp/server.go:110.4,110.18 1 1
github.com/sadovnikoff/GoConcurrencyCourse/homework_3/internal/network/tcp/server.go:115.40,116.15 1 1
github.com/sadovnikoff/GoConcurrencyCourse/homework_3/internal/network/tcp/server.go:116.15,117.38 1 1
github.com/sadovnikoff/GoConcurrencyCourse/homework_3/internal/network/tcp/server.go:117.38,119.4 1 0
github.com/sadovnikoff/GoConcurrencyCourse/homework_3/internal/network/tcp/server.go:122.2,123.6 2 1
github.com/sadovnikoff/GoConcurrencyCourse/homework_3/internal/network/tcp/server.go:123.6,124.25 1 1
github.com/sadovnikoff/GoConcurrencyCourse/homework_3/internal/network/tcp/server.go:124.25,125.74 1 1
github.com/sadovnikoff/GoConcurrencyCourse/homework_3/internal/network/tcp/server.go:125.74,128.5 2 0
github.com/sadovnikoff/GoConcurrencyCourse/homework_3/internal/network/tcp/server.go:131.3,132.34 2 1
github.com/sadovnikoff/GoConcurrencyCourse/homework_3/internal/network/tcp/server.go:132.34,134.9 2 1
github.com/sadovnikoff/GoConcurrencyCourse/homework_3/internal/network/tcp/server.go:135.9,135.35 1 1
github.com/sadovnikoff/GoConcurrencyCourse/homework_3/internal/network/tcp/server.go:135.35,137.9 2 0
github.com/sadovnikoff/GoConcurrencyCourse/homework_3/internal/network/tcp/server.go:140.3,142.17 3 1
github.com/sadovnikoff/GoConcurrencyCourse/homework_3/internal/network/tcp/server.go:142.17,145.4 2 1
github.com/sadovnikoff/GoConcurrencyCourse/homework_3/internal/network/tcp/server.go:147.3,148.17 2 1
github.com/sadovnikoff/GoConcurrencyCourse/homework_3/internal/network/tcp/server.go:148.17,150.9 2 0
github.com/sadovnikoff/GoConcurrencyCourse/homework_3/internal/network/tcp/server_mock.go:12.38,14.2 1 1
github.com/sadovnikoff/GoConcurrencyCourse/homework_3/internal/network/tcp/server_mock.go:17.68,19.40 1 1
github.com/sadovnikoff/GoConcurrencyCourse/homework_3/internal/network/tcp/server_mock.go:19.40,21.3 1 1
github.com/sadovnikoff/GoConcurrencyCourse/homework_3/internal/network/tcp/server_mock.go:23.2,23.77 1 1
github.com/sadovnikoff/GoConcurrencyCourse/homework_3/internal/database/storage/wal/logs_manager.go:21.83,22.20 1 1
github.com/sadovnikoff/GoConcurrencyCourse/homework_3/internal/database/storage/wal/logs_manager.go:22.20,24.3 1 1
github.com/sadovnikoff/GoConcurrencyCourse/homework_3/internal/database/storage/wal/logs_manager.go:26.2,26.19 1 1
github.com/sadovnikoff/GoConcurrencyCourse/homework_3/internal/database/storage/wal/logs_manager.go:26.19,28.3 1 1
github.com/sadovnikoff/GoConcurrencyCourse/homework_3/internal/database/storage/wal/logs_manager.go:30.2,30.60 1 1
github.com/sadovnikoff/GoConcurrencyCourse/homework_3/internal/database/storage/wal/logs_manager.go:33.49,35.31 2 1
github.com/sadovnikoff/GoConcurrencyCourse/homework_3/internal/database/storage/wal/logs_manager.go:35.31,36.45 1 1
github.com/sadovnikoff/GoConcurrencyCourse/homework_3/internal/database/storage/wal/logs_manager.go:36.45,39.4 2 0
github.com/sadovnikoff/GoConcurrencyCourse/homework_3/internal/database/storage/wal/logs_manager.go:42.2,43.16 2 1
github.com/sadovnikoff/GoConcurrencyCourse/homework_3/internal/database/storage/wal/logs_manager.go:43.16,45.3 1 1
github.com/sadovnikoff/GoConcurrencyCourse/homework_3/internal/database/storage/wal/logs_manager.go:47.2,47.30 1 1
github.com/sadovnikoff/GoConcurrencyCourse/homework_3/internal/database/storage/wal/logs_manager.go:50.49,52.16 2 1
github.com/sadovnikoff/GoConcurrencyCourse/homework_3/internal/database/storage/wal/logs_manager.go:52.16,54.3 1 1
github.com/sadovnikoff/GoConcurrencyCourse/homework_3/internal/database/storage/wal/logs_manager.go:56.2,57.36 2 1
github.com/sadovnikoff/GoConcurrencyCourse/homework_3/internal/database/storage/wal/logs_manager.go:57.36,59.17 2 1
github.com/sadovnikoff/GoConcurrencyCourse/homework_3/internal/database/storage/wal/logs_manager.go:59.17,61.4 1 0
github.com/sadovnikoff/GoConcurrencyCourse/homework_3/internal/database/storage/wal/logs_manager.go:64.2,64.22 1 1
github.com/sadovnikoff/GoConcurrencyCourse/homework_3/internal/database/storage/wal/logs_manager.go:67.66,68.31 1 1
github.com/sadovnikoff/GoConcurrencyCourse/homework_3/internal/database/storage/wal/logs_manager.go:68.31,71.3 2 1
github.com/sadovnikoff/GoConcurrencyCourse/homework_3/internal/database/storage/wal/logs_manager.go:74.87,76.23 2 1
github.com/sadovnikoff/GoConcurrencyCourse/homework_3/internal/database/storage/wal/logs_manager.go:76.23,78.48 2 1
github.com/sadovnikoff/GoConcurrencyCourse/homework_3/internal/database/storage/wal/logs_manager.go:78.48,80.4 1 0
github.com/sadovnikoff/GoConcurrencyCourse/homework_3/internal/database/storage/wal/logs_manager.go:82.3,82.39 1 1
github.com/sadovnikoff/GoConcurrencyCourse/homework_3/internal/database/storage/wal/logs_manager.go:85.2,85.22 1 1
github.com/sadovnikoff/GoConcurrencyCourse/homework_3/internal/database/storage/wal/request.go:14.56,20.2 1 1
github.com/sadovnikoff/GoConcurrencyCourse/homework_3/internal/database/storage/wal/request.go:22.54,25.2 2 1
github.com/sadovnikoff/GoConcurrencyCourse/homework_3/internal/database/storage/wal/request.go:27.54,30.2 2 1
github.com/sadovnikoff/GoConcurrencyCourse/homework_3/internal/database/storage/wal/wal.go:36.73,37.16 1 1
github.com/sadovnikoff/GoConcurrencyCourse/homework_3/internal/database/storage/wal/wal.go:37.16,39.3 1 1
github.com/sadovnikoff/GoConcurrencyCourse/homework_3/internal/database/storage/wal/wal.go:41.2,41.19 1 1
github.com/sadovnikoff/GoConcurrencyCourse/homework_3/internal/database/storage/wal/wal.go:41.19,43.3 1 1
github.com/sadovnikoff/GoConcurrencyCourse/homework_3/internal/database/storage/wal/wal.go:45.2,46.16 2 1
github.com/sadovnikoff/GoConcurrencyCourse/homework_3/internal/database/storage/wal/wal.go:46.16,48.3 1 1
github.com/sadovnikoff/GoConcurrencyCourse/homework_3/internal/database/storage/wal/wal.go:50.2,51.16 2 1
github.com/sadovnikoff/GoConcurrencyCourse/homework_3/internal/database/storage/wal/wal.go:51.16,53.3 1 1
github.com/sadovnikoff/GoConcurrencyCourse/homework_3/internal/database/storage/wal/wal.go:55.2,57.16 3 1
github.com/sadovnikoff/GoConcurrencyCourse/homework_3/internal/database/storage/wal/wal.go:57.16,59.3 1 0
github.com/sadovnikoff/GoConcurrencyCourse/homework_3/internal/database/storage/wal/wal.go:61.2,70.17 2 1
github.com/sadovnikoff/GoConcurrencyCourse/homework_3/internal/database/storage/wal/wal.go:73.23,74.12 1 1
github.com/sadovnikoff/GoConcurrencyCourse/homework_3/internal/database/storage/wal/wal.go:74.12,78.7 3 1
github.com/sadovnikoff/GoConcurrencyCourse/homework_3/internal/database/storage/wal/wal.go:78.7,79.11 1 1
github.com/sadovnikoff/GoConcurrencyCourse/homework_3/internal/database/storage/wal/wal.go:80.30,82.36 2 1
github.com/sadovnikoff/GoConcurrencyCourse/homework_3/internal/database/storage/wal/wal.go:83.20,84.19 1 1
github.com/sadovnikoff/GoConcurrencyCourse/homework_3/internal/database/storage/wal/wal.go:90.44,93.2 2 1
github.com/sadovnikoff/GoConcurrencyCourse/homework_3/internal/database/storage/wal/wal.go:95.37,98.2 2 1
github.com/sadovnikoff/GoConcurrencyCourse/homework_3/internal/database/storage/wal/wal.go:100.44,102.2 1 1
github.com/sadovnikoff/GoConcurrencyCourse/homework_3/internal/database/storage/wal/wal.go:104.47,109.33 4 1
github.com/sadovnikoff/GoConcurrencyCourse/homework_3/internal/database/storage/wal/wal.go:109.33,112.3 2 1
github.com/sadovnikoff/GoConcurrencyCourse/homework_3/internal/database/storage/wal/wal.go:113.2,115.36 2 1
github.com/sadovnikoff/GoConcurrencyCourse/homework_3/internal/database/storage/wal/wal.go:118.28,126.21 6 1
github.com/sadovnikoff/GoConcurrencyCourse/homework_3/internal/database/storage/wal/wal.go:126.21,128.3 1 1
github.com/sadovnikoff/GoConcurrencyCourse/homework_3/internal/database/storage/wal/wal_mock.go:32.62,36.2 1 1
github.com/sadovnikoff/GoConcurrencyCourse/homework_3/internal/database/storage/wal/wal_mock.go:38.53,39.25 1 1
github.com/sadovnikoff/GoConcurrencyCourse/homework_3/internal/database/storage/wal/wal_mock.go:39.25,41.3 1 1
github.com/sadovnikoff/GoConcurrencyCourse/homework_3/internal/database/storage/wal/wal_mock.go:43.2,45.27 3 1
github.com/sadovnikoff/GoConcurrencyCourse/homework_3/internal/database/storage/wal/wal_mock.go:45.27,48.17 3 1
github.com/sadovnikoff/GoConcurrencyCourse/homework_3/internal/database/storage/wal/wal_mock.go:48.17,50.4 1 0
github.com/sadovnikoff/GoConcurrencyCourse/homework_3/internal/database/storage/wal/wal_mock.go:52.3,52.39 1 1
github.com/sadovnikoff/GoConcurrencyCourse/homework_3/internal/database/storage/wal/wal_mock.go:55.2,55.24 1 1
github.com/sadovnikoff/GoConcurrencyCourse/homework_3/internal/database/storage/wal/wal_mock.go:55.24,57.3 1 0
github.com/sadovnikoff/GoConcurrencyCourse/homework_3/internal/database/storage/wal/wal_mock.go:59.2,64.56 2 1
github.com/sadovnikoff/GoConcurrencyCourse/homework_3/internal/database/storage/wal/wal_mock.go:64.56,66.3 1 0
github.com/sadovnikoff/GoConcurrencyCourse/homework_3/internal/database/storage/wal/wal_mock.go:68.2,68.78 1 1
github.com/sadovnikoff/GoConcurrencyCourse/homework_3/internal/database/storage/wal/wal_mock.go:68.78,70.3 1 0
github.com/sadovnikoff/GoConcurrencyCourse/homework_3/internal/database/storage/wal/wal_mock.go:72.2,72.56 1 1
github.com/sadovnikoff/GoConcurrencyCourse/homework_3/internal/database/storage/wal/wal_mock.go:72.56,74.3 1 0
github.com/sadovnikoff/GoConcurrencyCourse/homework_3/internal/database/storage/wal/wal_mock.go:76.2,76.78 1 1
github.com/sadovnikoff/GoConcurrencyCourse/homework_3/internal/database/storage/wal/wal_mock.go:76.78,78.3 1 0
github.com/sadovnikoff/GoConcurrencyCourse/homework_3/internal/database/storage/wal/wal_mock.go:80.2,80.12 1 1
github.com/sadovnikoff/GoConcurrencyCourse/homework_3/internal/database/storage/wal/wal_mock.go:83.56,84.25 1 1
github.com/sadovnikoff/GoConcurrencyCourse/homework_3/internal/database/storage/wal/wal_mock.go:84.25,86.3 1 1
github.com/sadovnikoff/GoConcurrencyCourse/homework_3/internal/database/storage/wal/wal_mock.go:88.2,90.16 3 1
github.com/sadovnikoff/GoConcurrencyCourse/homework_3/internal/database/storage/wal/wal_mock.go:90.16,92.3 1 0
github.com/sadovnikoff/GoConcurrencyCourse/homework_3/internal/database/storage/wal/wal_mock.go:94.2,95.16 2 1
github.com/sadovnikoff/GoConcurrencyCourse/homework_3/internal/database/storage/wal/wal_mock.go:95.16,97.3 1 0
github.com/sadovnikoff/GoConcurrencyCourse/homework_3/internal/database/storage/wal/wal_mock.go:99.2,103.20 2 1
